<?xml version="1.0" encoding="UTF-8"?>
<!-- Generated by org.testng.reporters.JUnitReportReporter -->
<testsuite hostname="LAPTOP-VJ1GKIP2" failures="0" tests="3" name="com.maventest.DemoTest" time="23.448" errors="0" timestamp="2021-08-27T19:24:33 IST" skipped="0">
  <testcase classname="com.maventest.DemoTest" name="googleLogoTest" time="6.607"/>
  <system-out/>
  <testcase classname="com.maventest.DemoTest" name="googleTitleTest" time="10.509"/>
  <system-out/>
  <testcase classname="com.maventest.DemoTest" name="googleLogo22Test" time="6.332"/>
  <system-out/>
</testsuite> <!-- com.maventest.DemoTest -->
